Using pre-set license
Built from '2020.3/staging' branch; Version is '2020.3.3f1 (76626098c1c4) revision 7758432'; Using compiler version '192528614'; Build Type 'Release'
OS: 'Windows 10 Pro; OS build 18363.1379; Version 1909; 64bit' Language: 'en' Physical Memory: 16343 MB
BatchMode: 1, IsHumanControllingUs: 0, StartBugReporterOnCrash: 0, Is64bit: 1, IsPro: 0

 COMMAND LINE ARGUMENTS:
C:\Program Files\Unity\Hub\Editor\2020.3.3f1\Editor\Unity.exe
-adb2
-batchMode
-noUpm
-name
AssetImportWorker0
-projectPath
C:/Users/Ruben/Documents/UnityProjects/SummerProject/RTwo_PlatformPhysics2D
-logFile
Logs/AssetImportWorker0.log
-srvPort
58868
Successfully changed project path to: C:/Users/Ruben/Documents/UnityProjects/SummerProject/RTwo_PlatformPhysics2D
C:/Users/Ruben/Documents/UnityProjects/SummerProject/RTwo_PlatformPhysics2D
Using Asset Import Pipeline V2.
Refreshing native plugins compatible for Editor in 33.98 ms, found 1 plugins.
Preloading 0 native plugins for Editor in 0.00 ms.
Initialize engine version: 2020.3.3f1 (76626098c1c4)
[Subsystems] Discovering subsystems at path C:/Program Files/Unity/Hub/Editor/2020.3.3f1/Editor/Data/Resources/UnitySubsystems
[Subsystems] Discovering subsystems at path C:/Users/Ruben/Documents/UnityProjects/SummerProject/RTwo_PlatformPhysics2D/Assets
GfxDevice: creating device client; threaded=0
Direct3D:
    Version:  Direct3D 11.0 [level 11.1]
    Renderer: AMD Radeon RX 5700 XT (ID=0x731f)
    Vendor:   
    VRAM:     8152 MB
    Driver:   27.20.14527.2002
Initialize mono
Mono path[0] = 'C:/Program Files/Unity/Hub/Editor/2020.3.3f1/Editor/Data/Managed'
Mono path[1] = 'C:/Program Files/Unity/Hub/Editor/2020.3.3f1/Editor/Data/MonoBleedingEdge/lib/mono/unityjit'
Mono config path = 'C:/Program Files/Unity/Hub/Editor/2020.3.3f1/Editor/Data/MonoBleedingEdge/etc'
Using monoOptions --debugger-agent=transport=dt_socket,embedding=1,server=y,suspend=n,address=127.0.0.1:56212
Begin MonoManager ReloadAssembly
Registering precompiled unity dll's ...
Register platform support module: C:/Program Files/Unity/Hub/Editor/2020.3.3f1/Editor/Data/PlaybackEngines/WindowsStandaloneSupport/UnityEditor.WindowsStandalone.Extensions.dll
Registered in 0.001849 seconds.
Native extension for WindowsStandalone target not found
Refreshing native plugins compatible for Editor in 37.35 ms, found 1 plugins.
Preloading 0 native plugins for Editor in 0.00 ms.
Invoked RoslynAnalysisRunner static constructor.
RoslynAnalysisRunner will not be running.
RoslynAnalysisRunner has terminated.
Mono: successfully reloaded assembly
- Completed reload, in  2.270 seconds
Platform modules already initialized, skipping
Registering precompiled user dll's ...
Registered in 0.000895 seconds.
Begin MonoManager ReloadAssembly
Native extension for WindowsStandalone target not found
Refreshing native plugins compatible for Editor in 34.94 ms, found 1 plugins.
Preloading 0 native plugins for Editor in 0.00 ms.
Invoked RoslynAnalysisRunner static constructor.
RoslynAnalysisRunner will not be running.
RoslynAnalysisRunner has terminated.
Mono: successfully reloaded assembly
- Completed reload, in  0.982 seconds
Platform modules already initialized, skipping
========================================================================
Worker process is ready to serve import requests
Launched and connected shader compiler UnityShaderCompiler.exe after 0.05 seconds
Refreshing native plugins compatible for Editor in 0.26 ms, found 1 plugins.
Preloading 0 native plugins for Editor in 0.00 ms.
Unloading 1808 Unused Serialized files (Serialized files now loaded: 0)
System memory in use before: 85.5 MB.
System memory in use after: 85.4 MB.

Unloading 24 unused Assets to reduce memory usage. Loaded Objects now: 2250.
Total: 1.724600 ms (FindLiveObjects: 0.164300 ms CreateObjectMapping: 0.099300 ms MarkObjects: 1.356300 ms  DeleteObjects: 0.104100 ms)

========================================================================
Received Import Request.
  path: Assets/Scenes/SampleScene.unity
  artifactKey: Guid(2cda990e2423bbf4892e6590ba056729) Importer(815301076,1909f56bfc062723c751e8b465ee728b)
Start importing Assets/Scenes/SampleScene.unity using Guid(2cda990e2423bbf4892e6590ba056729) Importer(815301076,1909f56bfc062723c751e8b465ee728b)  -> (artifact id: '0a59ef0011206403181b6dace8b464c4') in 0.015628 seconds
  Import took 0.019307 seconds .

========================================================================
Received Import Request.
  Time since last request: 30.196703 seconds.
  path: Assets/Scenes/TestChamber.unity
  artifactKey: Guid(2cda990e2423bbf4892e6590ba056729) Importer(815301076,1909f56bfc062723c751e8b465ee728b)
Start importing Assets/Scenes/TestChamber.unity using Guid(2cda990e2423bbf4892e6590ba056729) Importer(815301076,1909f56bfc062723c751e8b465ee728b)  -> (artifact id: 'ade9a601c5b5f79da63cc20d8c208241') in 0.008125 seconds
  Import took 0.011384 seconds .

========================================================================
Received Import Request.
  Time since last request: 75950.990510 seconds.
  path: ProjectSettings/TagManager.asset
  artifactKey: Guid(00000000000000003000000000000000) Importer(815301076,1909f56bfc062723c751e8b465ee728b)
Start importing ProjectSettings/TagManager.asset using Guid(00000000000000003000000000000000) Importer(815301076,1909f56bfc062723c751e8b465ee728b)  -> (artifact id: '3125bf62d54dbcdd0ce3e4c540a7aa4e') in 0.178789 seconds
  Import took 0.279333 seconds .

========================================================================
Received Import Request.
  Time since last request: 333.530780 seconds.
  path: Assets
  artifactKey: Guid(00000000000000001000000000000000) Importer(815301076,1909f56bfc062723c751e8b465ee728b)
Start importing Assets using Guid(00000000000000001000000000000000) Importer(815301076,1909f56bfc062723c751e8b465ee728b)  -> (artifact id: 'b2e0e235c0f4af3754229b664788db90') in 0.015529 seconds
  Import took 0.027585 seconds .

========================================================================
Received Import Request.
  Time since last request: 6.175157 seconds.
  path: Assets/Prefabs
  artifactKey: Guid(e5aa139035e598c4085054fa0e0fa0a5) Importer(815301076,1909f56bfc062723c751e8b465ee728b)
Start importing Assets/Prefabs using Guid(e5aa139035e598c4085054fa0e0fa0a5) Importer(815301076,1909f56bfc062723c751e8b465ee728b)  -> (artifact id: '6296133139bf870de288eb1e57002e71') in 0.009294 seconds
  Import took 0.012236 seconds .

========================================================================
Received Import Request.
  Time since last request: 6.497062 seconds.
  path: Assets/Prefabs/Player.prefab
  artifactKey: Guid(ba363a9507c63914791016a518c6de69) Importer(815301076,1909f56bfc062723c751e8b465ee728b)
Start importing Assets/Prefabs/Player.prefab using Guid(ba363a9507c63914791016a518c6de69) Importer(815301076,1909f56bfc062723c751e8b465ee728b)  -> (artifact id: 'bd25dfb80b08f4ceb9388a6f941e1d4d') in 0.213141 seconds
  Import took 0.216101 seconds .

========================================================================
Received Import Request.
  Time since last request: 6.457719 seconds.
  path: Assets/Scripts
  artifactKey: Guid(591c3386d28b29f48a2a3f6937561887) Importer(815301076,1909f56bfc062723c751e8b465ee728b)
Start importing Assets/Scripts using Guid(591c3386d28b29f48a2a3f6937561887) Importer(815301076,1909f56bfc062723c751e8b465ee728b)  -> (artifact id: '62b4579058117f8866d9c54028b35a4f') in 0.007727 seconds
  Import took 0.010980 seconds .

========================================================================
Received Import Request.
  Time since last request: 8.147180 seconds.
  path: Assets/Scripts/PlayerController.cs
  artifactKey: Guid(f68d46e3fe8d1814ea220ab6d3c2ccd0) Importer(815301076,1909f56bfc062723c751e8b465ee728b)
Start importing Assets/Scripts/PlayerController.cs using Guid(f68d46e3fe8d1814ea220ab6d3c2ccd0) Importer(815301076,1909f56bfc062723c751e8b465ee728b)  -> (artifact id: '28317a009d1e197376c5a87c5b8a9377') in 0.035736 seconds
  Import took 0.047913 seconds .

========================================================================
Received Prepare
Registering precompiled user dll's ...
Registered in 0.038584 seconds.
Begin MonoManager ReloadAssembly
Native extension for WindowsStandalone target not found
Refreshing native plugins compatible for Editor in 0.28 ms, found 1 plugins.
Preloading 0 native plugins for Editor in 0.00 ms.
Invoked RoslynAnalysisRunner static constructor.
RoslynAnalysisRunner will not be running.
RoslynAnalysisRunner has terminated.
Mono: successfully reloaded assembly
- Completed reload, in  0.945 seconds
Platform modules already initialized, skipping
Refreshing native plugins compatible for Editor in 0.27 ms, found 1 plugins.
Preloading 0 native plugins for Editor in 0.00 ms.
Unloading 1804 Unused Serialized files (Serialized files now loaded: 0)
System memory in use before: 88.6 MB.
System memory in use after: 88.5 MB.

Unloading 13 unused Assets to reduce memory usage. Loaded Objects now: 2262.
Total: 1.632600 ms (FindLiveObjects: 0.137300 ms CreateObjectMapping: 0.050700 ms MarkObjects: 1.361500 ms  DeleteObjects: 0.082100 ms)

========================================================================
Received Import Request.
  Time since last request: 395.261506 seconds.
  path: Assets/Prefabs/Platform.prefab
  artifactKey: Guid(243bcb108804c774aba5361d6e9ef71b) Importer(815301076,1909f56bfc062723c751e8b465ee728b)
Start importing Assets/Prefabs/Platform.prefab using Guid(243bcb108804c774aba5361d6e9ef71b) Importer(815301076,1909f56bfc062723c751e8b465ee728b)  -> (artifact id: '51ce794370ac5997e47d1a921b4f1a9a') in 0.078156 seconds
  Import took 0.081638 seconds .

